<?xml version="1.0" encoding="UTF-8"?>
<testng-results skipped="0" failed="0" total="1" passed="1">
  <reporter-output>
  </reporter-output>
  <suite name="s2" duration-ms="10920" started-at="2017-12-12T07:56:32Z" finished-at="2017-12-12T07:56:43Z">
    <groups>
    </groups>
    <test name="t2" duration-ms="10920" started-at="2017-12-12T07:56:32Z" finished-at="2017-12-12T07:56:43Z">
      <class name="mail.Mail">
        <test-method status="PASS" signature="send()[pri:0, instance:mail.Mail@31b7dea0]" name="send" duration-ms="10865" started-at="2017-12-12T15:56:32Z" finished-at="2017-12-12T15:56:43Z">
          <reporter-output>
          </reporter-output>
        </test-method> <!-- send -->
      </class> <!-- mail.Mail -->
    </test> <!-- t2 -->
  </suite> <!-- s2 -->
</testng-results>
