<?xml version="1.0" encoding="UTF-8"?>
<!-- Generated by org.testng.reporters.JUnitXMLReporter -->
<testsuite hostname="火乐乐的电脑" name="Default test" tests="10" failures="0" timestamp="12 Dec 2017 07:32:44 GMT" time="160.047" errors="0">
  <testcase name="testLogin" time="11.599" classname="test.testEmail"/>
  <testcase name="testAddMessage2" time="15.876" classname="test.testEmail"/>
  <testcase name="testAddMessage2" time="15.39" classname="test.testEmail"/>
  <testcase name="testAddMessage2" time="15.217" classname="test.testEmail"/>
  <testcase name="testAddMessage2" time="15.219" classname="test.testEmail"/>
  <testcase name="testAddMessage2" time="15.257" classname="test.testEmail"/>
  <testcase name="testAddMessage2" time="15.374" classname="test.testEmail"/>
  <testcase name="testAddMessage2" time="15.221" classname="test.testEmail"/>
  <testcase name="testAddMessage2" time="15.346" classname="test.testEmail"/>
  <testcase name="testAddMessage2" time="15.278" classname="test.testEmail"/>
</testsuite> <!-- Default test -->
