<?xml version="1.0" encoding="UTF-8"?>
<!-- Generated by org.testng.reporters.JUnitXMLReporter -->
<testsuite hostname="火乐乐的电脑" name="s1" tests="3" failures="0" timestamp="12 Dec 2017 03:07:17 GMT" time="44.0" errors="0">
  <testcase name="testLogin" time="11.912" classname="test.Login"/>
  <testcase name="testLogin" time="11.204" classname="test.testMassage"/>
  <testcase name="testAddMessage" time="0.0" classname="test.testMassage">
    <skipped/>
  </testcase> <!-- testAddMessage -->
</testsuite> <!-- s1 -->
