<?xml version="1.0" encoding="UTF-8"?>
<!-- Generated by org.testng.reporters.JUnitXMLReporter -->
<testsuite hostname="火乐乐的电脑" name="s1" tests="17" failures="3" timestamp="12 Dec 2017 07:27:15 GMT" time="240.083" errors="0">
  <testcase name="testLogin" time="11.454" classname="test.Login"/>
  <testcase name="testLogin" time="11.474" classname="test.testNickname"/>
  <testcase name="testAddMessage" time="15.965" classname="test.testNickname"/>
  <testcase name="testAddMessage" time="15.163" classname="test.testNickname"/>
  <testcase name="testAddMessage" time="15.275" classname="test.testNickname"/>
  <testcase name="testAddMessage" time="15.317" classname="test.testNickname"/>
  <testcase name="testAddMessage" time="15.29" classname="test.testNickname"/>
  <testcase name="testAddMessage" time="15.287" classname="test.testNickname"/>
  <testcase name="testAddMessage" time="15.238" classname="test.testNickname"/>
  <testcase name="testAddMessage" time="15.195" classname="test.testNickname"/>
  <testcase name="testAddMessage" time="15.251" classname="test.testNickname"/>
  <testcase name="testLogin" time="11.311" classname="test.testEmail"/>
  <testcase name="testAddMessage2" time="0.002" classname="test.testEmail">
    <failure type="org.testng.TestNGException" message="
The data provider is trying to pass 1 parameters but the method test.testEmail#testAddMessage2 takes 5 and TestNG is unable in inject a suitable object">
      <![CDATA[org.testng.TestNGException: 
The data provider is trying to pass 1 parameters but the method test.testEmail#testAddMessage2 takes 5 and TestNG is unable in inject a suitable object
Caused by: java.lang.ArrayIndexOutOfBoundsException: 1
	... 17 more
... Removed 19 stack frames]]>
    </failure>
  </testcase> <!-- testAddMessage2 -->
  <testcase name="testLogin" time="11.714" classname="test.testName"/>
  <testcase name="testAddMessage3" time="0.001" classname="test.testName">
    <failure type="org.testng.TestNGException" message="
The data provider is trying to pass 1 parameters but the method test.testName#testAddMessage3 takes 5 and TestNG is unable in inject a suitable object">
      <![CDATA[org.testng.TestNGException: 
The data provider is trying to pass 1 parameters but the method test.testName#testAddMessage3 takes 5 and TestNG is unable in inject a suitable object
Caused by: java.lang.ArrayIndexOutOfBoundsException: 1
	... 17 more
... Removed 19 stack frames]]>
    </failure>
  </testcase> <!-- testAddMessage3 -->
  <testcase name="testLogin" time="11.456" classname="test.testPasswd"/>
  <testcase name="testAddMessage4" time="0.001" classname="test.testPasswd">
    <failure type="org.testng.TestNGException" message="
The data provider is trying to pass 1 parameters but the method test.testPasswd#testAddMessage4 takes 5 and TestNG is unable in inject a suitable object">
      <![CDATA[org.testng.TestNGException: 
The data provider is trying to pass 1 parameters but the method test.testPasswd#testAddMessage4 takes 5 and TestNG is unable in inject a suitable object
Caused by: java.lang.ArrayIndexOutOfBoundsException: 1
	... 17 more
... Removed 19 stack frames]]>
    </failure>
  </testcase> <!-- testAddMessage4 -->
</testsuite> <!-- s1 -->
