<?xml version="1.0" encoding="UTF-8"?>
<!-- Generated by org.testng.reporters.JUnitXMLReporter -->
<testsuite hostname="火乐乐的电脑" name="s2" tests="6" failures="5" timestamp="12 Dec 2017 00:27:16 GMT" time="45.033" errors="0">
  <testcase name="testDeleteAddress" time="0.573" classname="test.Address"/>
  <testcase name="testAddAddress" time="6.205" classname="test.Address">
    <failure type="java.lang.NullPointerException">
      <![CDATA[java.lang.NullPointerException
	at org.openqa.selenium.support.ui.Select.<init>(Select.java:44)
	at com.webtest.core.WebDriverEngine.getSelect(WebDriverEngine.java:203)
	at com.webtest.core.WebDriverEngine.selectByValue(WebDriverEngine.java:208)
	at manage.AddAddress.input(AddAddress.java:20)
	at test.Address.testAddAddress(Address.java:17)
	at java.util.concurrent.ThreadPoolExecutor.runWorker(Unknown Source)
	at java.util.concurrent.ThreadPoolExecutor$Worker.run(Unknown Source)
	at java.lang.Thread.run(Unknown Source)
... Removed 10 stack frames]]>
    </failure>
  </testcase> <!-- testAddAddress -->
  <testcase name="testAddAddress" time="6.064" classname="test.Address">
    <failure type="java.lang.NullPointerException">
      <![CDATA[java.lang.NullPointerException
	at org.openqa.selenium.support.ui.Select.<init>(Select.java:44)
	at com.webtest.core.WebDriverEngine.getSelect(WebDriverEngine.java:203)
	at com.webtest.core.WebDriverEngine.selectByValue(WebDriverEngine.java:208)
	at manage.AddAddress.input(AddAddress.java:20)
	at test.Address.testAddAddress(Address.java:17)
	at java.util.concurrent.ThreadPoolExecutor.runWorker(Unknown Source)
	at java.util.concurrent.ThreadPoolExecutor$Worker.run(Unknown Source)
	at java.lang.Thread.run(Unknown Source)
... Removed 10 stack frames]]>
    </failure>
  </testcase> <!-- testAddAddress -->
  <testcase name="testAddAddress" time="6.066" classname="test.Address">
    <failure type="java.lang.NullPointerException">
      <![CDATA[java.lang.NullPointerException
	at org.openqa.selenium.support.ui.Select.<init>(Select.java:44)
	at com.webtest.core.WebDriverEngine.getSelect(WebDriverEngine.java:203)
	at com.webtest.core.WebDriverEngine.selectByValue(WebDriverEngine.java:208)
	at manage.AddAddress.input(AddAddress.java:20)
	at test.Address.testAddAddress(Address.java:17)
	at java.util.concurrent.ThreadPoolExecutor.runWorker(Unknown Source)
	at java.util.concurrent.ThreadPoolExecutor$Worker.run(Unknown Source)
	at java.lang.Thread.run(Unknown Source)
... Removed 10 stack frames]]>
    </failure>
  </testcase> <!-- testAddAddress -->
  <testcase name="testAddAddress" time="6.056" classname="test.Address">
    <failure type="java.lang.NullPointerException">
      <![CDATA[java.lang.NullPointerException
	at org.openqa.selenium.support.ui.Select.<init>(Select.java:44)
	at com.webtest.core.WebDriverEngine.getSelect(WebDriverEngine.java:203)
	at com.webtest.core.WebDriverEngine.selectByValue(WebDriverEngine.java:208)
	at manage.AddAddress.input(AddAddress.java:20)
	at test.Address.testAddAddress(Address.java:17)
	at java.util.concurrent.ThreadPoolExecutor.runWorker(Unknown Source)
	at java.util.concurrent.ThreadPoolExecutor$Worker.run(Unknown Source)
	at java.lang.Thread.run(Unknown Source)
... Removed 10 stack frames]]>
    </failure>
  </testcase> <!-- testAddAddress -->
  <testcase name="testAddAddress" time="6.06" classname="test.Address">
    <failure type="java.lang.NullPointerException">
      <![CDATA[java.lang.NullPointerException
	at org.openqa.selenium.support.ui.Select.<init>(Select.java:44)
	at com.webtest.core.WebDriverEngine.getSelect(WebDriverEngine.java:203)
	at com.webtest.core.WebDriverEngine.selectByValue(WebDriverEngine.java:208)
	at manage.AddAddress.input(AddAddress.java:20)
	at test.Address.testAddAddress(Address.java:17)
	at java.util.concurrent.ThreadPoolExecutor.runWorker(Unknown Source)
	at java.util.concurrent.ThreadPoolExecutor$Worker.run(Unknown Source)
	at java.lang.Thread.run(Unknown Source)
... Removed 10 stack frames]]>
    </failure>
  </testcase> <!-- testAddAddress -->
</testsuite> <!-- s2 -->
