<?xml version="1.0" encoding="UTF-8"?>
<!-- Generated by org.testng.reporters.JUnitXMLReporter -->
<testsuite hostname="火乐乐的电脑" name="s4" tests="1" failures="1" timestamp="12 Dec 2017 00:27:34 GMT" time="10.107" errors="0">
  <testcase name="testPay" time="0.556" classname="test.PayShopping">
    <failure type="java.lang.IndexOutOfBoundsException" message="Index: 1, Size: 1">
      <![CDATA[java.lang.IndexOutOfBoundsException: Index: 1, Size: 1
	at java.util.ArrayList.rangeCheck(Unknown Source)
	at java.util.ArrayList.get(Unknown Source)
	at com.webtest.core.WebDriverEngine.getWindow(WebDriverEngine.java:274)
	at manage.Pay.pay(Pay.java:27)
	at test.PayShopping.testPay(PayShopping.java:14)
	at java.util.concurrent.ThreadPoolExecutor.runWorker(Unknown Source)
	at java.util.concurrent.ThreadPoolExecutor$Worker.run(Unknown Source)
	at java.lang.Thread.run(Unknown Source)
... Removed 10 stack frames]]>
    </failure>
  </testcase> <!-- testPay -->
</testsuite> <!-- s4 -->
