<?xml version="1.0" encoding="UTF-8"?>
<!-- Generated by org.testng.reporters.JUnitXMLReporter -->
<testsuite hostname="火乐乐的电脑" name="s5" tests="2" failures="2" timestamp="12 Dec 2017 00:27:46 GMT" time="11.229" errors="0">
  <testcase name="testDeleteShopping" time="0.243" classname="test.Shopping">
    <failure type="java.lang.IllegalArgumentException" message="Must provide a location for a move action.">
      <![CDATA[java.lang.IllegalArgumentException: Must provide a location for a move action.
	at org.openqa.selenium.interactions.MoveMouseAction.<init>(MoveMouseAction.java:38)
	at org.openqa.selenium.interactions.Actions.moveToElement(Actions.java:388)
	at com.webtest.core.WebDriverEngine.mouseoverElement(WebDriverEngine.java:247)
	at manage.DeleteShopping.delete(DeleteShopping.java:15)
	at test.Shopping.testDeleteShopping(Shopping.java:20)
	at java.util.concurrent.ThreadPoolExecutor.runWorker(Unknown Source)
	at java.util.concurrent.ThreadPoolExecutor$Worker.run(Unknown Source)
	at java.lang.Thread.run(Unknown Source)
... Removed 10 stack frames]]>
    </failure>
  </testcase> <!-- testDeleteShopping -->
  <testcase name="testAddShopping" time="3.163" classname="test.Shopping">
    <failure type="java.lang.IndexOutOfBoundsException" message="Index: 1, Size: 1">
      <![CDATA[java.lang.IndexOutOfBoundsException: Index: 1, Size: 1
	at java.util.ArrayList.rangeCheck(Unknown Source)
	at java.util.ArrayList.get(Unknown Source)
	at com.webtest.core.WebDriverEngine.getWindow(WebDriverEngine.java:274)
	at manage.AddShopping.addgoods(AddShopping.java:17)
	at test.Shopping.testAddShopping(Shopping.java:15)
	at java.util.concurrent.ThreadPoolExecutor.runWorker(Unknown Source)
	at java.util.concurrent.ThreadPoolExecutor$Worker.run(Unknown Source)
	at java.lang.Thread.run(Unknown Source)
... Removed 10 stack frames]]>
    </failure>
  </testcase> <!-- testAddShopping -->
</testsuite> <!-- s5 -->
