<?xml version="1.0" encoding="UTF-8"?>
<!-- Generated by org.testng.reporters.JUnitXMLReporter -->
<testsuite hostname="火乐乐的电脑" name="t1" tests="11" failures="0" timestamp="8 Dec 2017 09:47:08 GMT" time="0.166" errors="0">
  <testcase name="@BeforeTest testLogin" time="0.0" classname="test.PayShopping">
    <failure type="java.lang.NullPointerException">
      <![CDATA[java.lang.NullPointerException
	at manage.LoginClass.inputValuesSeccess(LoginClass.java:13)
	at test.PayShopping.testLogin(PayShopping.java:15)
... Removed 22 stack frames]]>
    </failure>
  </testcase> <!-- @BeforeTest testLogin -->
  <testcase name="@BeforeClass doBeforeMethod" time="0.0" classname="test.Login">
    <skipped/>
  </testcase> <!-- @BeforeClass doBeforeMethod -->
  <testcase name="@BeforeClass doBeforeMethod" time="0.0" classname="test.Massage">
    <skipped/>
  </testcase> <!-- @BeforeClass doBeforeMethod -->
  <testcase name="@BeforeClass doBeforeMethod" time="0.0" classname="test.Address">
    <skipped/>
  </testcase> <!-- @BeforeClass doBeforeMethod -->
  <testcase name="@BeforeClass doBeforeMethod" time="0.0" classname="test.Shopping">
    <skipped/>
  </testcase> <!-- @BeforeClass doBeforeMethod -->
  <testcase name="@AfterClass doAfterMethod" time="0.0" classname="test.Massage">
    <skipped/>
  </testcase> <!-- @AfterClass doAfterMethod -->
  <testcase name="@BeforeClass doBeforeMethod" time="0.0" classname="test.PayShopping">
    <skipped/>
  </testcase> <!-- @BeforeClass doBeforeMethod -->
  <testcase name="@AfterClass doAfterMethod" time="0.0" classname="test.PayShopping">
    <skipped/>
  </testcase> <!-- @AfterClass doAfterMethod -->
  <testcase name="@AfterClass doAfterMethod" time="0.0" classname="test.Login">
    <skipped/>
  </testcase> <!-- @AfterClass doAfterMethod -->
  <testcase name="@AfterClass doAfterMethod" time="0.0" classname="test.Shopping">
    <skipped/>
  </testcase> <!-- @AfterClass doAfterMethod -->
  <testcase name="@AfterClass doAfterMethod" time="0.0" classname="test.Address">
    <skipped/>
  </testcase> <!-- @AfterClass doAfterMethod -->
  <testcase name="testLogin" time="0.002" classname="test.Massage">
    <skipped/>
  </testcase> <!-- testLogin -->
  <testcase name="testDeleteShopping" time="0.004" classname="test.Shopping">
    <skipped/>
  </testcase> <!-- testDeleteShopping -->
  <testcase name="testPay" time="0.005" classname="test.PayShopping">
    <skipped/>
  </testcase> <!-- testPay -->
  <testcase name="testLogin" time="0.004" classname="test.Login">
    <skipped/>
  </testcase> <!-- testLogin -->
  <testcase name="testAddAddress" time="0.04" classname="test.Address">
    <skipped/>
  </testcase> <!-- testAddAddress -->
  <testcase name="testAddShopping" time="0.071" classname="test.Shopping">
    <skipped/>
  </testcase> <!-- testAddShopping -->
  <testcase name="testDeleteAddress" time="0.082" classname="test.Address">
    <skipped/>
  </testcase> <!-- testDeleteAddress -->
  <testcase name="testAddAddress" time="0.022" classname="test.Address">
    <skipped/>
  </testcase> <!-- testAddAddress -->
  <testcase name="testAddAddress" time="0.005" classname="test.Address">
    <skipped/>
  </testcase> <!-- testAddAddress -->
  <testcase name="testAddAddress" time="0.002" classname="test.Address">
    <skipped/>
  </testcase> <!-- testAddAddress -->
  <testcase name="testAddAddress" time="0.002" classname="test.Address">
    <skipped/>
  </testcase> <!-- testAddAddress -->
</testsuite> <!-- t1 -->
